<?xml version="1.0" encoding="UTF-8"?>
<!-- Generated by org.testng.reporters.JUnitReportReporter -->
<testsuite skipped="1" hostname="Akshay" name="testcases.DataProviderLoginPageTest2" tests="5" failures="0" timestamp="22 Feb 2020 18:20:59 GMT" time="42.955" errors="0">
  <testcase name="testLoginPage" time="14.062" classname="testcases.DataProviderLoginPageTest2"/>
  <testcase name="testLoginPage" time="12.294" classname="testcases.DataProviderLoginPageTest2"/>
  <testcase name="testLoginPage" time="14.005" classname="testcases.DataProviderLoginPageTest2"/>
  <testcase name="testLoginPage" time="2.594" classname="testcases.DataProviderLoginPageTest2"/>
  <testcase name="verifyLoginId" classname="testcases.DataProviderLoginPageTest2">
    <skipped/>
  </testcase> <!-- verifyLoginId -->
</testsuite> <!-- testcases.DataProviderLoginPageTest2 -->
