<?xml version="1.0" encoding="UTF-8"?>
<!-- Generated by org.testng.reporters.JUnitReportReporter -->
<testsuite skipped="0" hostname="Akshay" name="testcases.HomePageTest" tests="2" failures="0" timestamp="21 Feb 2020 14:38:20 GMT" time="2.173" errors="0">
  <testcase name="testLoginPage" time="2.069" classname="testcases.HomePageTest"/>
  <testcase name="verifyLoginId" time="0.104" classname="testcases.HomePageTest"/>
</testsuite> <!-- testcases.HomePageTest -->
