<?xml version="1.0" encoding="UTF-8"?>
<!-- Generated by org.testng.reporters.JUnitReportReporter -->
<testsuite skipped="0" hostname="Akshay" name="testcases.LoginPageTest" tests="1" failures="0" timestamp="21 Feb 2020 14:15:41 GMT" time="1.837" errors="0">
  <testcase name="testLoginPage" time="1.837" classname="testcases.LoginPageTest"/>
</testsuite> <!-- testcases.LoginPageTest -->
