<?xml version="1.0" encoding="UTF-8"?>
<!-- Generated by org.testng.reporters.JUnitReportReporter -->
<testsuite skipped="0" hostname="Akshay" name="testcases.Day05WithSceenshot" tests="1" failures="0" timestamp="22 Feb 2020 21:34:53 GMT" time="16.470" errors="0">
  <testcase name="testCase05" time="16.470" classname="testcases.Day05WithSceenshot"/>
</testsuite> <!-- testcases.Day05WithSceenshot -->
