<?xml version="1.0" encoding="UTF-8"?>
<!-- Generated by org.testng.reporters.JUnitReportReporter -->
<testsuite skipped="0" hostname="Akshay" name="testcases.LoginPageTest" tests="1" failures="0" timestamp="22 Feb 2020 18:27:18 GMT" time="15.106" errors="0">
  <testcase name="testLoginPage" time="15.106" classname="testcases.LoginPageTest"/>
</testsuite> <!-- testcases.LoginPageTest -->
