<?xml version="1.0" encoding="UTF-8"?>
<!-- Generated by org.testng.reporters.JUnitReportReporter -->
<testsuite skipped="0" hostname="Akshay" name="testcases.LoginPageTest" tests="2" failures="0" timestamp="20 Feb 2020 16:11:34 GMT" time="10.277" errors="0">
  <testcase name="testLoginPage" time="10.235" classname="testcases.LoginPageTest"/>
  <testcase name="testTitle" time="0.042" classname="testcases.LoginPageTest"/>
</testsuite> <!-- testcases.LoginPageTest -->
