<?xml version="1.0" encoding="UTF-8"?>
<!-- Generated by org.testng.reporters.JUnitReportReporter -->
<testsuite skipped="1" hostname="Akshay" name="testcases.DataProviderLoginPageTest2" tests="5" failures="0" timestamp="21 Feb 2020 16:08:01 GMT" time="18.449" errors="0">
  <testcase name="testLoginPage" time="0.820" classname="testcases.DataProviderLoginPageTest2"/>
  <testcase name="testLoginPage" time="12.649" classname="testcases.DataProviderLoginPageTest2"/>
  <testcase name="testLoginPage" time="2.510" classname="testcases.DataProviderLoginPageTest2"/>
  <testcase name="testLoginPage" time="2.470" classname="testcases.DataProviderLoginPageTest2"/>
  <testcase name="verifyLoginId" classname="testcases.DataProviderLoginPageTest2">
    <skipped/>
  </testcase> <!-- verifyLoginId -->
</testsuite> <!-- testcases.DataProviderLoginPageTest2 -->
