<?xml version="1.0" encoding="UTF-8"?>
<!-- Generated by org.testng.reporters.JUnitReportReporter -->
<testsuite skipped="0" hostname="Akshay" name="testcases.TestScript05" tests="1" failures="0" timestamp="22 Feb 2020 21:32:59 GMT" time="14.699" errors="0">
  <testcase name="testCase05" time="14.699" classname="testcases.TestScript05"/>
</testsuite> <!-- testcases.TestScript05 -->
