<?xml version="1.0" encoding="UTF-8"?>
<!-- Generated by org.testng.reporters.JUnitReportReporter -->
<testsuite skipped="0" hostname="Akshay" name="testcases.ParametererizedDataLoginPageTest" tests="1" failures="0" timestamp="21 Feb 2020 12:20:16 GMT" time="23.322" errors="0">
  <testcase name="testLoginPage" time="23.322" classname="testcases.ParametererizedDataLoginPageTest"/>
</testsuite> <!-- testcases.ParametererizedDataLoginPageTest -->
